<?xml version="1.0" encoding="UTF-8"?>
<!-- Generated by org.testng.reporters.JUnitReportReporter -->
<testsuite hostname="sky-aeldiddy" failures="0" tests="1" name="tests.Languagetest" time="64.242" errors="0" timestamp="2022-09-26T16:03:25 EET" skipped="0">
  <testcase classname="tests.Languagetest" name="userchngelangtest" time="64.242"/>
  <system-out/>
</testsuite> <!-- tests.Languagetest -->
