<?xml version="1.0" encoding="UTF-8"?>
<!-- Generated by org.testng.reporters.JUnitReportReporter -->
<testsuite hostname="sky-aeldiddy" failures="0" tests="1" name="tests.Testbase" time="59.683" errors="0" timestamp="2022-09-25T14:14:19 EET" skipped="0">
  <testcase classname="tests.Testbase" name="test" time="59.683"/>
  <system-out/>
</testsuite> <!-- tests.Testbase -->
