<?xml version="1.0" encoding="UTF-8"?>
<!-- Generated by org.testng.reporters.JUnitReportReporter -->
<testsuite hostname="sky-aeldiddy" failures="0" tests="1" name="tests.Signintest" time="102.327" errors="0" timestamp="2022-09-26T11:34:37 EET" skipped="0">
  <testcase classname="tests.Signintest" name="usersignintest" time="102.327"/>
  <system-out/>
</testsuite> <!-- tests.Signintest -->
